<?xml version="1.0" encoding="UTF-8"?>
<testsuite name="page utest" tests="1" skipped="0" failures="0" errors="0" timestamp="2020-10-28T21:14:51" hostname="DESKTOP-AARCEUJ" time="184.011">
  <properties/>
  <testcase name="enter all the data to create a new user" classname="page utest" time="184.011"/>
  <system-out><![CDATA[]]></system-out>
  <system-err><![CDATA[oct 28, 2020 4:14:53 PM org.openqa.selenium.remote.DesiredCapabilities chrome
INFORMACIÓN: Using `new ChromeOptions()` is preferred to `DesiredCapabilities.chrome()`
Starting ChromeDriver 86.0.4240.22 (398b0743353ff36fb1b82468f63a3a93b4e2e89e-refs/branch-heads/4240@{#378}) on port 26078
Only local connections are allowed.
Please see https://chromedriver.chromium.org/security-considerations for suggestions on keeping ChromeDriver safe.
ChromeDriver was started successfully.
[1603919740.984][WARNING]: Timed out connecting to Chrome, retrying...
oct 28, 2020 4:15:45 PM org.openqa.selenium.remote.ProtocolHandshake createSession
INFORMACIÓN: Detected dialect: W3C
[1603919808.547][SEVERE]: Timed out receiving message from renderer: 10.000
[1603919808.547][WARNING]: screenshot failed, retrying timeout: Timed out receiving message from renderer: 10.000
[Test worker] INFO net.serenitybdd.core.Serenity - 
        __    _____ _____ ____ _____   ____   _    ____  ____  _____ ____  
  _     \ \  |_   _| ____/ ___|_   _| |  _ \ / \  / ___|/ ___|| ____|  _ \ 
 (_)_____| |   | | |  _| \___ \ | |   | |_) / _ \ \___ \\___ \|  _| | | | |
  _|_____| |   | | | |___ ___) || |   |  __/ ___ \ ___) |___) | |___| |_| |
 (_)     | |   |_| |_____|____/ |_|   |_| /_/   \_\____/|____/|_____|____/ 
        /_/                                                                

TEST PASSED: enter all the data to create a new user
----------------------------------------------------------------------------
]]></system-err>
</testsuite>
